#
# There is insufficient memory for the Java Runtime Environment to continue.
# Native memory allocation (malloc) failed to allocate 2212016 bytes for Chunk::new
# Possible reasons:
#   The system is out of physical RAM or swap space
#   In 32 bit mode, the process size limit was hit
# Possible solutions:
#   Reduce memory load on the system
#   Increase physical memory or swap space
#   Check if swap backing store is full
#   Use 64 bit Java on a 64 bit OS
#   Decrease Java heap size (-Xmx/-Xms)
#   Decrease number of Java threads
#   Decrease Java thread stack sizes (-Xss)
#   Set larger code cache with -XX:ReservedCodeCacheSize=
# This output file may be truncated or incomplete.
#
#  Out of Memory Error (allocation.cpp:390), pid=3492, tid=0x0000000000002cf0
#
# JRE version: Java(TM) SE Runtime Environment (8.0_121-b13) (build 1.8.0_121-b13)
# Java VM: Java HotSpot(TM) 64-Bit Server VM (25.121-b13 mixed mode windows-amd64 compressed oops)
# Core dump written. Default location: C:\Users\seleniumuser1\workspace\RSG_QA\hs_err_pid3492.mdmp
#

---------------  T H R E A D  ---------------

Current thread (0x0000000011396000):  JavaThread "C2 CompilerThread0" daemon [_thread_in_native, id=11504, stack(0x0000000011a80000,0x0000000011b80000)]

Stack: [0x0000000011a80000,0x0000000011b80000]
[error occurred during error reporting (printing stack bounds), id 0xc0000005]

Native frames: (J=compiled Java code, j=interpreted, Vv=VM code, C=native code)


Current CompileTask:
C2: 236783 1558   !   4       java.net.URLClassLoader$1::run (63 bytes)


---------------  P R O C E S S  ---------------

Java Threads: ( => current thread )
  0x00000000113f7800 JavaThread "Service Thread" daemon [_thread_blocked, id=5096, stack(0x0000000011c80000,0x0000000011d80000)]
  0x00000000113f1000 JavaThread "C1 CompilerThread1" daemon [_thread_blocked, id=8840, stack(0x0000000011b80000,0x0000000011c80000)]
=>0x0000000011396000 JavaThread "C2 CompilerThread0" daemon [_thread_in_native, id=11504, stack(0x0000000011a80000,0x0000000011b80000)]
  0x0000000011393800 JavaThread "Attach Listener" daemon [_thread_blocked, id=3884, stack(0x0000000011980000,0x0000000011a80000)]
  0x0000000011391800 JavaThread "Signal Dispatcher" daemon [_thread_blocked, id=10164, stack(0x0000000011880000,0x0000000011980000)]
  0x0000000011375000 JavaThread "Finalizer" daemon [_thread_blocked, id=13680, stack(0x00000000116a0000,0x00000000117a0000)]
  0x0000000011351000 JavaThread "Reference Handler" daemon [_thread_blocked, id=9792, stack(0x00000000115a0000,0x00000000116a0000)]
  0x00000000012be000 JavaThread "main" [_thread_in_native, id=6264, stack(0x0000000001140000,0x0000000001240000)]

Other Threads:
  0x000000001134b000 VMThread [stack: 0x00000000114a0000,0x00000000115a0000] [id=10312]
  0x00000000113fc000 WatcherThread [stack: 0x0000000011d80000,0x0000000011e80000] [id=5320]

VM state:not at safepoint (normal execution)

VM Mutex/Monitor currently owned by a thread: None

Heap:
 def new generation   total 17216K, used 14204K [0x00000000c8000000, 0x00000000c92a0000, 0x00000000daaa0000)
  eden space 15360K,  80% used [0x00000000c8000000, 0x00000000c8c0f118, 0x00000000c8f00000)
  from space 1856K, 100% used [0x00000000c8f00000, 0x00000000c90d0000, 0x00000000c90d0000)
  to   space 1856K,   0% used [0x00000000c90d0000, 0x00000000c90d0000, 0x00000000c92a0000)
 tenured generation   total 38272K, used 5773K [0x00000000daaa0000, 0x00000000dd000000, 0x0000000100000000)
   the space 38272K,  15% used [0x00000000daaa0000, 0x00000000db043518, 0x00000000db043600, 0x00000000dd000000)
 Metaspace       used 14369K, capacity 14538K, committed 14720K, reserved 1062912K
  class space    used 1778K, capacity 1871K, committed 1920K, reserved 1048576K

Card table byte_map: [0x00000000107a0000,0x0000000010970000] byte_map_base: 0x0000000010160000

Polling page: 0x0000000001240000

CodeCache: size=245760Kb used=5367Kb max_used=5379Kb free=240392Kb
 bounds [0x00000000013e0000, 0x0000000001930000, 0x00000000103e0000]
 total_blobs=1887 nmethods=1557 adapters=243
 compilation: enabled

Compilation events (10 events):
Event: 180.872 Thread 0x00000000113f1000 nmethod 1553 0x000000000191f850 code [0x000000000191f9c0, 0x000000000191fbe0]
Event: 180.872 Thread 0x00000000113f1000 1554       3       java.util.Collections$UnmodifiableMap$UnmodifiableEntrySet$1::next (5 bytes)
Event: 180.873 Thread 0x00000000113f1000 nmethod 1554 0x000000000191fc90 code [0x000000000191fe40, 0x0000000001920430]
Event: 180.873 Thread 0x00000000113f1000 1555       3       java.util.Collections$UnmodifiableMap$UnmodifiableEntrySet$UnmodifiableEntry::getKey (10 bytes)
Event: 180.873 Thread 0x00000000113f1000 nmethod 1555 0x0000000001920710 code [0x0000000001920880, 0x0000000001920a80]
Event: 180.873 Thread 0x00000000113f1000 1556       3       java.util.Collections$UnmodifiableMap$UnmodifiableEntrySet$UnmodifiableEntry::getValue (10 bytes)
Event: 180.873 Thread 0x00000000113f1000 nmethod 1556 0x0000000001920b50 code [0x0000000001920cc0, 0x0000000001920ec0]
Event: 180.874 Thread 0x0000000011396000 1557       4       java.lang.ClassNotFoundException::<init> (7 bytes)
Event: 180.876 Thread 0x0000000011396000 nmethod 1557 0x0000000001923ed0 code [0x0000000001924020, 0x0000000001924368]
Event: 180.879 Thread 0x0000000011396000 1558   !   4       java.net.URLClassLoader$1::run (63 bytes)

GC Heap History (8 events):
Event: 45.311 GC heap before
{Heap before GC invocations=0 (full 0):
 def new generation   total 17216K, used 15360K [0x00000000c8000000, 0x00000000c92a0000, 0x00000000daaa0000)
  eden space 15360K, 100% used [0x00000000c8000000, 0x00000000c8f00000, 0x00000000c8f00000)
  from space 1856K,   0% used [0x00000000c8f00000, 0x00000000c8f00000, 0x00000000c90d0000)
  to   space 1856K,   0% used [0x00000000c90d0000, 0x00000000c90d0000, 0x00000000c92a0000)
 tenured generation   total 38272K, used 0K [0x00000000daaa0000, 0x00000000dd000000, 0x0000000100000000)
   the space 38272K,   0% used [0x00000000daaa0000, 0x00000000daaa0000, 0x00000000daaa0200, 0x00000000dd000000)
 Metaspace       used 7179K, capacity 7356K, committed 7680K, reserved 1056768K
  class space    used 873K, capacity 920K, committed 1024K, reserved 1048576K
Event: 45.316 GC heap after
Heap after GC invocations=1 (full 0):
 def new generation   total 17216K, used 1856K [0x00000000c8000000, 0x00000000c92a0000, 0x00000000daaa0000)
  eden space 15360K,   0% used [0x00000000c8000000, 0x00000000c8000000, 0x00000000c8f00000)
  from space 1856K, 100% used [0x00000000c90d0000, 0x00000000c92a0000, 0x00000000c92a0000)
  to   space 1856K,   0% used [0x00000000c8f00000, 0x00000000c8f00000, 0x00000000c90d0000)
 tenured generation   total 38272K, used 1567K [0x00000000daaa0000, 0x00000000dd000000, 0x0000000100000000)
   the space 38272K,   4% used [0x00000000daaa0000, 0x00000000dac27f40, 0x00000000dac28000, 0x00000000dd000000)
 Metaspace       used 7179K, capacity 7356K, committed 7680K, reserved 1056768K
  class space    used 873K, capacity 920K, committed 1024K, reserved 1048576K
}
Event: 45.726 GC heap before
{Heap before GC invocations=1 (full 0):
 def new generation   total 17216K, used 17216K [0x00000000c8000000, 0x00000000c92a0000, 0x00000000daaa0000)
  eden space 15360K, 100% used [0x00000000c8000000, 0x00000000c8f00000, 0x00000000c8f00000)
  from space 1856K, 100% used [0x00000000c90d0000, 0x00000000c92a0000, 0x00000000c92a0000)
  to   space 1856K,   0% used [0x00000000c8f00000, 0x00000000c8f00000, 0x00000000c90d0000)
 tenured generation   total 38272K, used 1567K [0x00000000daaa0000, 0x00000000dd000000, 0x0000000100000000)
   the space 38272K,   4% used [0x00000000daaa0000, 0x00000000dac27f40, 0x00000000dac28000, 0x00000000dd000000)
 Metaspace       used 8065K, capacity 8188K, committed 8320K, reserved 1056768K
  class space    used 1005K, capacity 1048K, committed 1152K, reserved 1048576K
Event: 45.731 GC heap after
Heap after GC invocations=2 (full 0):
 def new generation   total 17216K, used 1240K [0x00000000c8000000, 0x00000000c92a0000, 0x00000000daaa0000)
  eden space 15360K,   0% used [0x00000000c8000000, 0x00000000c8000000, 0x00000000c8f00000)
  from space 1856K,  66% used [0x00000000c8f00000, 0x00000000c90360b8, 0x00000000c90d0000)
  to   space 1856K,   0% used [0x00000000c90d0000, 0x00000000c90d0000, 0x00000000c92a0000)
 tenured generation   total 38272K, used 2790K [0x00000000daaa0000, 0x00000000dd000000, 0x0000000100000000)
   the space 38272K,   7% used [0x00000000daaa0000, 0x00000000dad59810, 0x00000000dad59a00, 0x00000000dd000000)
 Metaspace       used 8065K, capacity 8188K, committed 8320K, reserved 1056768K
  class space    used 1005K, capacity 1048K, committed 1152K, reserved 1048576K
}
Event: 51.684 GC heap before
{Heap before GC invocations=2 (full 0):
 def new generation   total 17216K, used 16600K [0x00000000c8000000, 0x00000000c92a0000, 0x00000000daaa0000)
  eden space 15360K, 100% used [0x00000000c8000000, 0x00000000c8f00000, 0x00000000c8f00000)
  from space 1856K,  66% used [0x00000000c8f00000, 0x00000000c90360b8, 0x00000000c90d0000)
  to   space 1856K,   0% used [0x00000000c90d0000, 0x00000000c90d0000, 0x00000000c92a0000)
 tenured generation   total 38272K, used 2790K [0x00000000daaa0000, 0x00000000dd000000, 0x0000000100000000)
   the space 38272K,   7% used [0x00000000daaa0000, 0x00000000dad59810, 0x00000000dad59a00, 0x00000000dd000000)
 Metaspace       used 10136K, capacity 10298K, committed 10368K, reserved 1058816K
  class space    used 1266K, capacity 1347K, committed 1408K, reserved 1048576K
Event: 51.689 GC heap after
Heap after GC invocations=3 (full 0):
 def new generation   total 17216K, used 1856K [0x00000000c8000000, 0x00000000c92a0000, 0x00000000daaa0000)
  eden space 15360K,   0% used [0x00000000c8000000, 0x00000000c8000000, 0x00000000c8f00000)
  from space 1856K, 100% used [0x00000000c90d0000, 0x00000000c92a0000, 0x00000000c92a0000)
  to   space 1856K,   0% used [0x00000000c8f00000, 0x00000000c8f00000, 0x00000000c90d0000)
 tenured generation   total 38272K, used 4158K [0x00000000daaa0000, 0x00000000dd000000, 0x0000000100000000)
   the space 38272K,  10% used [0x00000000daaa0000, 0x00000000daeafb58, 0x00000000daeafc00, 0x00000000dd000000)
 Metaspace       used 10136K, capacity 10298K, committed 10368K, reserved 1058816K
  class space    used 1266K, capacity 1347K, committed 1408K, reserved 1048576K
}
Event: 66.252 GC heap before
{Heap before GC invocations=3 (full 0):
 def new generation   total 17216K, used 17216K [0x00000000c8000000, 0x00000000c92a0000, 0x00000000daaa0000)
  eden space 15360K, 100% used [0x00000000c8000000, 0x00000000c8f00000, 0x00000000c8f00000)
  from space 1856K, 100% used [0x00000000c90d0000, 0x00000000c92a0000, 0x00000000c92a0000)
  to   space 1856K,   0% used [0x00000000c8f00000, 0x00000000c8f00000, 0x00000000c90d0000)
 tenured generation   total 38272K, used 4158K [0x00000000daaa0000, 0x00000000dd000000, 0x0000000100000000)
   the space 38272K,  10% used [0x00000000daaa0000, 0x00000000daeafb58, 0x00000000daeafc00, 0x00000000dd000000)
 Metaspace       used 12180K, capacity 12334K, committed 12672K, reserved 1060864K
  class space    used 1553K, capacity 1637K, committed 1664K, reserved 1048576K
Event: 66.258 GC heap after
Heap after GC invocations=4 (full 0):
 def new generation   total 17216K, used 1856K [0x00000000c8000000, 0x00000000c92a0000, 0x00000000daaa0000)
  eden space 15360K,   0% used [0x00000000c8000000, 0x00000000c8000000, 0x00000000c8f00000)
  from space 1856K, 100% used [0x00000000c8f00000, 0x00000000c90d0000, 0x00000000c90d0000)
  to   space 1856K,   0% used [0x00000000c90d0000, 0x00000000c90d0000, 0x00000000c92a0000)
 tenured generation   total 38272K, used 5773K [0x00000000daaa0000, 0x00000000dd000000, 0x0000000100000000)
   the space 38272K,  15% used [0x00000000daaa0000, 0x00000000db043518, 0x00000000db043600, 0x00000000dd000000)
 Metaspace       used 12180K, capacity 12334K, committed 12672K, reserved 1060864K
  class space    used 1553K, capacity 1637K, committed 1664K, reserved 1048576K
}

Deoptimization events (10 events):
Event: 43.577 Thread 0x00000000012be000 Uncommon trap: reason=unstable_if action=reinterpret pc=0x00000000015757e4 method=org.codehaus.plexus.util.xml.pull.MXParser.more()C @ 8
Event: 45.384 Thread 0x00000000012be000 Uncommon trap: reason=range_check action=make_not_entrant pc=0x0000000001613820 method=sun.reflect.generics.parser.SignatureParser.current()C @ 34
Event: 45.519 Thread 0x00000000012be000 Uncommon trap: reason=unstable_if action=reinterpret pc=0x0000000001663920 method=org.codehaus.plexus.util.xml.pull.MXParser.nextImpl()I @ 961
Event: 45.581 Thread 0x00000000012be000 Uncommon trap: reason=unstable_if action=reinterpret pc=0x0000000001670860 method=org.codehaus.plexus.util.xml.pull.MXParser.nextImpl()I @ 241
Event: 45.637 Thread 0x00000000012be000 Uncommon trap: reason=unstable_if action=reinterpret pc=0x000000000166c2e8 method=org.codehaus.plexus.util.xml.pull.MXParser.isWhitespace()Z @ 20
Event: 47.980 Thread 0x00000000012be000 Uncommon trap: reason=unstable_if action=reinterpret pc=0x000000000163c0c8 method=java.util.HashMap.getNode(ILjava/lang/Object;)Ljava/util/HashMap$Node; @ 129
Event: 47.980 Thread 0x00000000012be000 Uncommon trap: reason=unstable_if action=reinterpret pc=0x0000000001611abc method=java.util.HashMap.getNode(ILjava/lang/Object;)Ljava/util/HashMap$Node; @ 129
Event: 66.259 Thread 0x00000000012be000 Uncommon trap: reason=unstable_if action=reinterpret pc=0x000000000171e02c method=java.util.concurrent.ConcurrentHashMap.putVal(Ljava/lang/Object;Ljava/lang/Object;Z)Ljava/lang/Object; @ 206
Event: 66.581 Thread 0x00000000012be000 Uncommon trap: reason=unstable_if action=reinterpret pc=0x000000000168001c method=org.codehaus.plexus.util.xml.pull.MXParser.parseStartTag()I @ 443
Event: 79.972 Thread 0x00000000012be000 Uncommon trap: reason=unstable_if action=reinterpret pc=0x0000000001589528 method=java.lang.String.replace(CC)Ljava/lang/String; @ 2

Internal exceptions (10 events):
Event: 45.384 Thread 0x00000000012be000 Exception <a 'java/lang/ArrayIndexOutOfBoundsException': 111> (0x00000000c8114198) thrown at [C:\re\workspace\8-2-build-windows-amd64-cygwin\jdk8u121\8372\hotspot\src\share\vm\interpreter\interpreterRuntime.cpp, line 366]
Event: 66.358 Thread 0x00000000012be000 Exception <a 'java/lang/NoClassDefFoundError': com/google/inject/servlet/ServletModuleTargetVisitor> (0x00000000c8114f08) thrown at [C:\re\workspace\8-2-build-windows-amd64-cygwin\jdk8u121\8372\hotspot\src\share\vm\classfile\systemDictionary.cpp, line 199
Event: 66.358 Thread 0x00000000012be000 Exception <a 'java/lang/NoClassDefFoundError'> (0x00000000c8114f08) thrown at [C:\re\workspace\8-2-build-windows-amd64-cygwin\jdk8u121\8372\hotspot\src\share\vm\prims\jvm.cpp, line 1394]
Event: 66.359 Thread 0x00000000012be000 Exception <a 'java/lang/NoClassDefFoundError': javax/annotation/Priority> (0x00000000c8119560) thrown at [C:\re\workspace\8-2-build-windows-amd64-cygwin\jdk8u121\8372\hotspot\src\share\vm\classfile\systemDictionary.cpp, line 199]
Event: 69.246 Thread 0x00000000012be000 Exception <a 'java/lang/NullPointerException'> (0x00000000c86e8b60) thrown at [C:\re\workspace\8-2-build-windows-amd64-cygwin\jdk8u121\8372\hotspot\src\share\vm\interpreter\linkResolver.cpp, line 1178]
Event: 69.246 Thread 0x00000000012be000 Exception <a 'java/lang/NullPointerException'> (0x00000000c86e8d78) thrown at [C:\re\workspace\8-2-build-windows-amd64-cygwin\jdk8u121\8372\hotspot\src\share\vm\interpreter\linkResolver.cpp, line 1178]
Event: 69.246 Thread 0x00000000012be000 Exception <a 'java/lang/NullPointerException'> (0x00000000c86e8f90) thrown at [C:\re\workspace\8-2-build-windows-amd64-cygwin\jdk8u121\8372\hotspot\src\share\vm\interpreter\linkResolver.cpp, line 1178]
Event: 69.247 Thread 0x00000000012be000 Exception <a 'java/lang/NullPointerException'> (0x00000000c86f86c8) thrown at [C:\re\workspace\8-2-build-windows-amd64-cygwin\jdk8u121\8372\hotspot\src\share\vm\interpreter\linkResolver.cpp, line 1178]
Event: 69.247 Thread 0x00000000012be000 Exception <a 'java/lang/NullPointerException'> (0x00000000c86f8928) thrown at [C:\re\workspace\8-2-build-windows-amd64-cygwin\jdk8u121\8372\hotspot\src\share\vm\interpreter\linkResolver.cpp, line 1178]
Event: 69.247 Thread 0x00000000012be000 Exception <a 'java/lang/NullPointerException'> (0x00000000c86f8b40) thrown at [C:\re\workspace\8-2-build-windows-amd64-cygwin\jdk8u121\8372\hotspot\src\share\vm\interpreter\linkResolver.cpp, line 1178]

Events (10 events):
Event: 180.870 loading class org/eclipse/aether/artifact/AbstractArtifact
Event: 180.870 loading class org/eclipse/aether/artifact/AbstractArtifact done
Event: 180.873 loading class org/apache/maven/repository/internal/DefaultVersionResolver$Key
Event: 180.873 loading class org/apache/maven/repository/internal/DefaultVersionResolver$Key done
Event: 180.874 loading class org/eclipse/aether/internal/impl/CacheUtils
Event: 180.874 loading class org/eclipse/aether/internal/impl/CacheUtils done
Event: 180.879 loading class java/util/Collections$SingletonSet
Event: 180.879 loading class java/util/Collections$SingletonSet done
Event: 180.879 loading class org/eclipse/aether/internal/impl/DefaultSyncContextFactory$DefaultSyncContext
Event: 180.879 loading class org/eclipse/aether/internal/impl/DefaultSyncContextFactory$DefaultSyncContext done


Dynamic libraries:
0x00007ff779e80000 - 0x00007ff779eb7000 	C:\Program Files\Java\jdk1.8.0_121\bin\java.exe
0x00007ff920c10000 - 0x00007ff920dbd000 	C:\Windows\SYSTEM32\ntdll.dll
0x00007ff91e6e0000 - 0x00007ff91e81e000 	C:\Windows\system32\KERNEL32.DLL
0x00007ff91df20000 - 0x00007ff91e035000 	C:\Windows\system32\KERNELBASE.dll
0x00007ff91c960000 - 0x00007ff91c9ee000 	C:\Windows\system32\apphelp.dll
0x00007ff907850000 - 0x00007ff9078a3000 	C:\Windows\AppPatch\AppPatch64\AcGenral.DLL
0x00007ff920270000 - 0x00007ff92031a000 	C:\Windows\system32\msvcrt.dll
0x00007ff91e090000 - 0x00007ff91e0be000 	C:\Windows\system32\SspiCli.dll
0x00007ff91e440000 - 0x00007ff91e494000 	C:\Windows\system32\SHLWAPI.dll
0x00007ff920320000 - 0x00007ff920497000 	C:\Windows\system32\USER32.dll
0x00007ff91e2a0000 - 0x00007ff91e434000 	C:\Windows\system32\ole32.dll
0x00007ff91e890000 - 0x00007ff91fdb9000 	C:\Windows\system32\SHELL32.dll
0x00007ff91d3a0000 - 0x00007ff91d3c1000 	C:\Windows\SYSTEM32\USERENV.dll
0x00007ff9201a0000 - 0x00007ff92024a000 	C:\Windows\system32\ADVAPI32.dll
0x00007ff90fd00000 - 0x00007ff90fd1e000 	C:\Windows\SYSTEM32\MPR.dll
0x00007ff920ad0000 - 0x00007ff920c10000 	C:\Windows\system32\RPCRT4.dll
0x00007ff920100000 - 0x00007ff920159000 	C:\Windows\SYSTEM32\sechost.dll
0x00007ff91fdc0000 - 0x00007ff91ffd2000 	C:\Windows\SYSTEM32\combase.dll
0x00007ff9204a0000 - 0x00007ff9205eb000 	C:\Windows\system32\GDI32.dll
0x00007ff91dcf0000 - 0x00007ff91dd05000 	C:\Windows\SYSTEM32\profapi.dll
0x00007ff91c390000 - 0x00007ff91c442000 	C:\Windows\SYSTEM32\SHCORE.dll
0x00007ff91bad0000 - 0x00007ff91bd4b000 	C:\Windows\WinSxS\amd64_microsoft.windows.common-controls_6595b64144ccf1df_6.0.9600.18006_none_623f33d3ecbe86e8\COMCTL32.dll
0x0000000065ce0000 - 0x0000000065db2000 	C:\Program Files\Java\jdk1.8.0_121\jre\bin\msvcr100.dll
0x0000000065440000 - 0x0000000065cdb000 	C:\Program Files\Java\jdk1.8.0_121\jre\bin\server\jvm.dll
0x00007ff8fd630000 - 0x00007ff8fd639000 	C:\Windows\SYSTEM32\WSOCK32.dll
0x00007ff907e00000 - 0x00007ff907e22000 	C:\Windows\SYSTEM32\WINMM.dll
0x00007ff9182d0000 - 0x00007ff9182da000 	C:\Windows\SYSTEM32\VERSION.dll
0x00007ff91e6d0000 - 0x00007ff91e6d7000 	C:\Windows\system32\PSAPI.DLL
0x00007ff9209b0000 - 0x00007ff920a0a000 	C:\Windows\system32\WS2_32.dll
0x00007ff907dd0000 - 0x00007ff907dfa000 	C:\Windows\SYSTEM32\WINMMBASE.dll
0x00007ff920980000 - 0x00007ff920989000 	C:\Windows\system32\NSI.dll
0x00007ff91e040000 - 0x00007ff91e08f000 	C:\Windows\SYSTEM32\cfgmgr32.dll
0x00007ff91cbe0000 - 0x00007ff91cc08000 	C:\Windows\SYSTEM32\DEVOBJ.dll
0x0000000065430000 - 0x000000006543f000 	C:\Program Files\Java\jdk1.8.0_121\jre\bin\verify.dll
0x0000000065400000 - 0x0000000065429000 	C:\Program Files\Java\jdk1.8.0_121\jre\bin\java.dll
0x00000000653e0000 - 0x00000000653f6000 	C:\Program Files\Java\jdk1.8.0_121\jre\bin\zip.dll
0x00007ff8fe440000 - 0x00007ff8fe5c9000 	C:\Windows\system32\DBGHELP.DLL

VM Arguments:
jvm_args: -Dclassworlds.conf=C:\apache-maven-3.3.9\bin\m2.conf -Dmaven.home=C:\apache-maven-3.3.9 -Dmaven.multiModuleProjectDirectory=C:\Users\seleniumuser1\workspace\RSG_QA 
java_command: org.codehaus.plexus.classworlds.launcher.Launcher clean install
java_class_path (initial): C:\apache-maven-3.3.9\boot\plexus-classworlds-2.5.2.jar
Launcher Type: SUN_STANDARD

Environment Variables:
JAVA_HOME=C:\Program Files\Java\jdk1.8.0_121
PATH=C:\Program Files (x86)\TRICENTIS\Tosca Testsuite;C:\Tosca_Projects;C:\Program Files (x86)\TRICENTIS\Tosca Testsuite\dll;C:\Program Files (x86)\TRICENTIS\Tosca Testsuite\dll\GuptaEngine;C:\Program Files (x86)\TRICENTIS\Tosca Testsuite\;C:\Program Files (x86)\TRICENTIS\Tosca Testsuite\dll\DelphiEngine;C:\Program Files (x86)\TRICENTIS\Tosca Testsuite\dll\PBEngine;C:\Program Files (x86)\TRICENTIS\Tosca Testsuite\dll\VBEngine;C:\Program Files (x86)\TRICENTIS\Tosca Testsuite\dll\DotNetHooking;;C:\Program Files (x86)\TRICENTIS\Tosca Testsuite\Resources\Mobile\Tools;C:\ProgramData\Oracle\Java\javapath;C:\Windows\system32;C:\Windows;C:\Windows\System32\Wbem;C:\Windows\System32\WindowsPowerShell\v1.0\;C:\apache-maven-3.3.9\bin;C:\Program Files\Java\jdk1.8.0_121\bin;
USERNAME=seleniumuser1
OS=Windows_NT
PROCESSOR_IDENTIFIER=Intel64 Family 6 Model 63 Stepping 2, GenuineIntel



---------------  S Y S T E M  ---------------

OS: Windows Server 2012 R2 , 64 bit Build 9600 (6.3.9600.17415)

CPU:total 1 (1 cores per cpu, 1 threads per core) family 6 model 63 stepping 2, cmov, cx8, fxsr, mmx, sse, sse2, sse3, ssse3, sse4.1, sse4.2, popcnt, avx, avx2, aes, clmul, erms, lzcnt, tsc, bmi1, bmi2

Memory: 4k page, physical 3669556k(1010208k free), swap 6815284k(1125592k free)

vm_info: Java HotSpot(TM) 64-Bit Server VM (25.121-b13) for windows-amd64 JRE (1.8.0_121-b13), built on Dec 12 2016 18:21:36 by "java_re" with MS VC++ 10.0 (VS2010)

time: Tue Nov 07 01:18:46 2017
elapsed time: 236 seconds (0d 0h 3m 56s)

